2026-02-08T11:05:48.985+07:00  INFO 106764 --- [secretary-bot] [restartedMain] c.q.s.SecretaryBotApplication            : Starting SecretaryBotApplication using Java 17.0.11 with PID 106764 (D:\Projects\SecretaryBot\secretary-bot\target\classes started by QuocCuong in D:\Projects\SecretaryBot\secretary-bot)
2026-02-08T11:05:48.992+07:00 DEBUG 106764 --- [secretary-bot] [restartedMain] c.q.s.SecretaryBotApplication            : Running with Spring Boot v4.0.2, Spring v7.0.3
2026-02-08T11:05:48.992+07:00  INFO 106764 --- [secretary-bot] [restartedMain] c.q.s.SecretaryBotApplication            : No active profile set, falling back to 1 default profile: "default"
2026-02-08T11:05:49.018+07:00  INFO 106764 --- [secretary-bot] [restartedMain] .e.DevToolsPropertyDefaultsPostProcessor : Devtools property defaults active! Set 'spring.devtools.add-properties' to 'false' to disable
2026-02-08T11:05:49.477+07:00  INFO 106764 --- [secretary-bot] [restartedMain] o.s.boot.tomcat.TomcatWebServer          : Tomcat initialized with port 8080 (http)
2026-02-08T11:05:49.487+07:00  INFO 106764 --- [secretary-bot] [restartedMain] o.apache.catalina.core.StandardService   : Starting service [Tomcat]
2026-02-08T11:05:49.487+07:00  INFO 106764 --- [secretary-bot] [restartedMain] o.apache.catalina.core.StandardEngine    : Starting Servlet engine: [Apache Tomcat/11.0.15]
2026-02-08T11:05:49.514+07:00  INFO 106764 --- [secretary-bot] [restartedMain] b.w.c.s.WebApplicationContextInitializer : Root WebApplicationContext: initialization completed in 495 ms
2026-02-08T11:05:49.522+07:00 DEBUG 106764 --- [secretary-bot] [restartedMain] o.s.b.w.s.ServletContextInitializerBeans : Mapping filters: characterEncodingFilter urls=[/*] order=-2147483648, formContentFilter urls=[/*] order=-9900, requestContextFilter urls=[/*] order=-105
2026-02-08T11:05:49.523+07:00 DEBUG 106764 --- [secretary-bot] [restartedMain] o.s.b.w.s.ServletContextInitializerBeans : Mapping servlets: dispatcherServlet urls=[/]
2026-02-08T11:05:49.640+07:00 DEBUG 106764 --- [secretary-bot] [restartedMain] s.w.s.m.m.a.RequestMappingHandlerMapping : 2 mappings in 'requestMappingHandlerMapping'
2026-02-08T11:05:49.651+07:00 DEBUG 106764 --- [secretary-bot] [restartedMain] o.s.w.s.handler.SimpleUrlHandlerMapping  : Patterns [/webjars/**, /**] in 'resourceHandlerMapping'
2026-02-08T11:05:49.660+07:00 DEBUG 106764 --- [secretary-bot] [restartedMain] s.w.s.m.m.a.RequestMappingHandlerAdapter : ControllerAdvice beans: 0 @ModelAttribute, 0 @InitBinder, 2 RequestBodyAdvice, 1 ResponseBodyAdvice
2026-02-08T11:05:49.684+07:00 DEBUG 106764 --- [secretary-bot] [restartedMain] .m.m.a.ExceptionHandlerExceptionResolver : ControllerAdvice beans: 0 @ExceptionHandler, 1 ResponseBodyAdvice
2026-02-08T11:05:50.901+07:00  INFO 106764 --- [secretary-bot] [restartedMain] o.t.telegrambots.longpolling.BotSession  : Result when calling deleteWebhook: true
2026-02-08T11:05:50.928+07:00  INFO 106764 --- [secretary-bot] [restartedMain] o.s.boot.tomcat.TomcatWebServer          : Tomcat started on port 8080 (http) with context path '/'
2026-02-08T11:05:50.932+07:00  INFO 106764 --- [secretary-bot] [restartedMain] c.q.s.SecretaryBotApplication            : Started SecretaryBotApplication in 2.197 seconds (process running for 3.007)
2026-02-08T11:05:55.193+07:00  INFO 106764 --- [secretary-bot] [File Watcher] rtingClassPathChangeChangedEventListener : Restarting due to 1 class path change (0 additions, 0 deletions, 1 modification)
2026-02-08T11:05:55.197+07:00  INFO 106764 --- [secretary-bot] [Thread-1] o.s.boot.tomcat.GracefulShutdown         : Commencing graceful shutdown. Waiting for active requests to complete
2026-02-08T11:05:55.223+07:00  INFO 106764 --- [secretary-bot] [tomcat-shutdown] o.s.boot.tomcat.GracefulShutdown         : Graceful shutdown complete
2026-02-08T11:05:55.270+07:00  INFO 106764 --- [secretary-bot] [restartedMain] c.q.s.SecretaryBotApplication            : Starting SecretaryBotApplication using Java 17.0.11 with PID 106764 (D:\Projects\SecretaryBot\secretary-bot\target\classes started by QuocCuong in D:\Projects\SecretaryBot\secretary-bot)
2026-02-08T11:05:55.270+07:00 DEBUG 106764 --- [secretary-bot] [restartedMain] c.q.s.SecretaryBotApplication            : Running with Spring Boot v4.0.2, Spring v7.0.3
2026-02-08T11:05:55.270+07:00  INFO 106764 --- [secretary-bot] [restartedMain] c.q.s.SecretaryBotApplication            : No active profile set, falling back to 1 default profile: "default"
2026-02-08T11:05:55.349+07:00  INFO 106764 --- [secretary-bot] [restartedMain] o.s.boot.tomcat.TomcatWebServer          : Tomcat initialized with port 8080 (http)
2026-02-08T11:05:55.349+07:00  INFO 106764 --- [secretary-bot] [restartedMain] o.apache.catalina.core.StandardService   : Starting service [Tomcat]
2026-02-08T11:05:55.349+07:00  INFO 106764 --- [secretary-bot] [restartedMain] o.apache.catalina.core.StandardEngine    : Starting Servlet engine: [Apache Tomcat/11.0.15]
2026-02-08T11:05:55.360+07:00  INFO 106764 --- [secretary-bot] [restartedMain] b.w.c.s.WebApplicationContextInitializer : Root WebApplicationContext: initialization completed in 89 ms
2026-02-08T11:05:55.362+07:00 DEBUG 106764 --- [secretary-bot] [restartedMain] o.s.b.w.s.ServletContextInitializerBeans : Mapping filters: characterEncodingFilter urls=[/*] order=-2147483648, formContentFilter urls=[/*] order=-9900, requestContextFilter urls=[/*] order=-105
2026-02-08T11:05:55.363+07:00 DEBUG 106764 --- [secretary-bot] [restartedMain] o.s.b.w.s.ServletContextInitializerBeans : Mapping servlets: dispatcherServlet urls=[/]
2026-02-08T11:05:55.384+07:00 DEBUG 106764 --- [secretary-bot] [restartedMain] s.w.s.m.m.a.RequestMappingHandlerMapping : 2 mappings in 'requestMappingHandlerMapping'
2026-02-08T11:05:55.386+07:00 DEBUG 106764 --- [secretary-bot] [restartedMain] o.s.w.s.handler.SimpleUrlHandlerMapping  : Patterns [/webjars/**, /**] in 'resourceHandlerMapping'
2026-02-08T11:05:55.387+07:00 DEBUG 106764 --- [secretary-bot] [restartedMain] s.w.s.m.m.a.RequestMappingHandlerAdapter : ControllerAdvice beans: 0 @ModelAttribute, 0 @InitBinder, 2 RequestBodyAdvice, 1 ResponseBodyAdvice
2026-02-08T11:05:55.389+07:00 DEBUG 106764 --- [secretary-bot] [restartedMain] .m.m.a.ExceptionHandlerExceptionResolver : ControllerAdvice beans: 0 @ExceptionHandler, 1 ResponseBodyAdvice
2026-02-08T11:05:56.217+07:00  INFO 106764 --- [secretary-bot] [restartedMain] o.t.telegrambots.longpolling.BotSession  : Result when calling deleteWebhook: true
2026-02-08T11:05:56.226+07:00  INFO 106764 --- [secretary-bot] [restartedMain] o.s.boot.tomcat.TomcatWebServer          : Tomcat started on port 8080 (http) with context path '/'
2026-02-08T11:05:56.227+07:00  INFO 106764 --- [secretary-bot] [restartedMain] c.q.s.SecretaryBotApplication            : Started SecretaryBotApplication in 0.972 seconds (process running for 8.303)
2026-02-08T11:05:56.228+07:00  INFO 106764 --- [secretary-bot] [restartedMain] .ConditionEvaluationDeltaLoggingListener : Condition evaluation unchanged
2026-02-08T11:05:56.645+07:00 ERROR 106764 --- [secretary-bot] [pool-3-thread-1] o.t.telegrambots.longpolling.BotSession  : Error received from Telegram GetUpdates Request, retrying in 617 millis...

-1: org.telegram.telegrambots.longpolling.exceptions.TelegramApiErrorResponseException
	at org.telegram.telegrambots.longpolling.BotSession.getUpdatesFromTelegram(BotSession.java:156) ~[telegrambots-longpolling-7.7.1.jar:na]
	at org.telegram.telegrambots.longpolling.BotSession.lambda$createPollerTask$1(BotSession.java:103) ~[telegrambots-longpolling-7.7.1.jar:na]
	at java.base/java.util.concurrent.Executors$RunnableAdapter.call(Executors.java:539) ~[na:na]
	at java.base/java.util.concurrent.FutureTask.runAndReset$$$capture(FutureTask.java:305) ~[na:na]
	at java.base/java.util.concurrent.FutureTask.runAndReset(FutureTask.java) ~[na:na]
	at java.base/java.util.concurrent.ScheduledThreadPoolExecutor$ScheduledFutureTask.run(ScheduledThreadPoolExecutor.java:305) ~[na:na]
	at java.base/java.util.concurrent.ThreadPoolExecutor.runWorker(ThreadPoolExecutor.java:1136) ~[na:na]
	at java.base/java.util.concurrent.ThreadPoolExecutor$Worker.run(ThreadPoolExecutor.java:635) ~[na:na]
	at java.base/java.lang.Thread.run(Thread.java:842) ~[na:na]
Caused by: 409: org.telegram.telegrambots.longpolling.exceptions.TelegramApiErrorResponseException: 
	at org.telegram.telegrambots.longpolling.BotSession.getUpdatesFromTelegram(BotSession.java:152) ~[telegrambots-longpolling-7.7.1.jar:na]
	... 8 common frames omitted

2026-02-08T11:05:58.223+07:00  INFO 106764 --- [secretary-bot] [pool-2-thread-1] c.q.secretarybot.service.BotService      : {"chat_id":"-1002235262481","text":"Cú pháp:\n\\- /mute @taylor\\_swift 5 \\- Cấm chat Taylor Swift trong 5 phút\n\\- /unmute @taylor\\_swift \\- Mở chat Taylor Swift","parse_mode":"MarkdownV2","method":"sendmessage"}
2026-02-08T11:06:10.110+07:00  INFO 106764 --- [secretary-bot] [pool-2-thread-1] c.q.secretarybot.service.BotService      : {"chat_id":"-1002235262481","text":"Gõ /help để thêm chi tiết.","method":"sendmessage"}
2026-02-08T11:06:14.354+07:00  INFO 106764 --- [secretary-bot] [pool-2-thread-1] c.q.secretarybot.service.BotService      : {"chat_id":"-1002235262481","text":"Cú pháp:\n\\- /mute @taylor\\_swift 5 \\- Cấm chat Taylor Swift trong 5 phút\n\\- /unmute @taylor\\_swift \\- Mở chat Taylor Swift","parse_mode":"MarkdownV2","method":"sendmessage"}
2026-02-08T11:06:24.116+07:00  INFO 106764 --- [secretary-bot] [pool-2-thread-1] c.q.secretarybot.service.BotService      : {"chat_id":"-1002235262481","text":"Joe 477 bạn đã bị cấm chat trong 1.0 phút.","entities":[{"type":"text_mention","offset":0,"length":7,"user":{"id":7730185852,"first_name":"Joe 477","is_bot":false}}],"method":"sendmessage"}
2026-02-08T11:06:45.022+07:00  INFO 106764 --- [secretary-bot] [SpringApplicationShutdownHook] o.s.boot.tomcat.GracefulShutdown         : Commencing graceful shutdown. Waiting for active requests to complete
2026-02-08T11:06:45.047+07:00  INFO 106764 --- [secretary-bot] [tomcat-shutdown] o.s.boot.tomcat.GracefulShutdown         : Graceful shutdown complete
2026-02-08T11:09:55.135+07:00  INFO 93260 --- [secretary-bot] [restartedMain] c.q.s.SecretaryBotApplication            : Starting SecretaryBotApplication using Java 17.0.11 with PID 93260 (D:\Projects\SecretaryBot\secretary-bot\target\classes started by QuocCuong in D:\Projects\SecretaryBot\secretary-bot)
2026-02-08T11:09:55.136+07:00 DEBUG 93260 --- [secretary-bot] [restartedMain] c.q.s.SecretaryBotApplication            : Running with Spring Boot v4.0.2, Spring v7.0.3
2026-02-08T11:09:55.137+07:00  INFO 93260 --- [secretary-bot] [restartedMain] c.q.s.SecretaryBotApplication            : No active profile set, falling back to 1 default profile: "default"
2026-02-08T11:09:55.159+07:00  INFO 93260 --- [secretary-bot] [restartedMain] o.s.b.devtools.restart.ChangeableUrls    : The Class-Path manifest attribute in C:\Users\QuocCuong\.m2\repository\io\github\cdimascio\java-dotenv\5.2.2\java-dotenv-5.2.2.jar referenced one or more files that do not exist: file:/C:/Users/QuocCuong/.m2/repository/io/github/cdimascio/java-dotenv/5.2.2/kotlin-stdlib-1.4.0.jar,file:/C:/Users/QuocCuong/.m2/repository/io/github/cdimascio/java-dotenv/5.2.2/kotlin-stdlib-common-1.4.0.jar,file:/C:/Users/QuocCuong/.m2/repository/io/github/cdimascio/java-dotenv/5.2.2/annotations-13.0.jar
2026-02-08T11:09:55.159+07:00  INFO 93260 --- [secretary-bot] [restartedMain] .e.DevToolsPropertyDefaultsPostProcessor : Devtools property defaults active! Set 'spring.devtools.add-properties' to 'false' to disable
2026-02-08T11:09:55.579+07:00  INFO 93260 --- [secretary-bot] [restartedMain] o.s.boot.tomcat.TomcatWebServer          : Tomcat initialized with port 8080 (http)
2026-02-08T11:09:55.586+07:00  INFO 93260 --- [secretary-bot] [restartedMain] o.apache.catalina.core.StandardService   : Starting service [Tomcat]
2026-02-08T11:09:55.586+07:00  INFO 93260 --- [secretary-bot] [restartedMain] o.apache.catalina.core.StandardEngine    : Starting Servlet engine: [Apache Tomcat/11.0.15]
2026-02-08T11:09:55.612+07:00  INFO 93260 --- [secretary-bot] [restartedMain] b.w.c.s.WebApplicationContextInitializer : Root WebApplicationContext: initialization completed in 453 ms
2026-02-08T11:09:55.621+07:00 DEBUG 93260 --- [secretary-bot] [restartedMain] o.s.b.w.s.ServletContextInitializerBeans : Mapping filters: characterEncodingFilter urls=[/*] order=-2147483648, formContentFilter urls=[/*] order=-9900, requestContextFilter urls=[/*] order=-105
2026-02-08T11:09:55.621+07:00 DEBUG 93260 --- [secretary-bot] [restartedMain] o.s.b.w.s.ServletContextInitializerBeans : Mapping servlets: dispatcherServlet urls=[/]
2026-02-08T11:09:55.743+07:00 DEBUG 93260 --- [secretary-bot] [restartedMain] s.w.s.m.m.a.RequestMappingHandlerMapping : 2 mappings in 'requestMappingHandlerMapping'
2026-02-08T11:09:55.753+07:00 DEBUG 93260 --- [secretary-bot] [restartedMain] o.s.w.s.handler.SimpleUrlHandlerMapping  : Patterns [/webjars/**, /**] in 'resourceHandlerMapping'
2026-02-08T11:09:55.762+07:00 DEBUG 93260 --- [secretary-bot] [restartedMain] s.w.s.m.m.a.RequestMappingHandlerAdapter : ControllerAdvice beans: 0 @ModelAttribute, 0 @InitBinder, 2 RequestBodyAdvice, 1 ResponseBodyAdvice
2026-02-08T11:09:55.783+07:00 DEBUG 93260 --- [secretary-bot] [restartedMain] .m.m.a.ExceptionHandlerExceptionResolver : ControllerAdvice beans: 0 @ExceptionHandler, 1 ResponseBodyAdvice
2026-02-08T11:09:56.947+07:00  INFO 93260 --- [secretary-bot] [restartedMain] o.t.telegrambots.longpolling.BotSession  : Result when calling deleteWebhook: true
2026-02-08T11:09:56.965+07:00  INFO 93260 --- [secretary-bot] [restartedMain] o.s.boot.tomcat.TomcatWebServer          : Tomcat started on port 8080 (http) with context path '/'
2026-02-08T11:09:56.968+07:00  INFO 93260 --- [secretary-bot] [restartedMain] c.q.s.SecretaryBotApplication            : Started SecretaryBotApplication in 2.076 seconds (process running for 2.449)
2026-02-08T11:10:05.872+07:00  INFO 93260 --- [secretary-bot] [SpringApplicationShutdownHook] o.s.boot.tomcat.GracefulShutdown         : Commencing graceful shutdown. Waiting for active requests to complete
2026-02-08T11:10:05.897+07:00  INFO 93260 --- [secretary-bot] [tomcat-shutdown] o.s.boot.tomcat.GracefulShutdown         : Graceful shutdown complete
2026-02-08T11:10:15.274+07:00  INFO 162464 --- [secretary-bot] [restartedMain] c.q.s.SecretaryBotApplication            : Starting SecretaryBotApplication using Java 17.0.11 with PID 162464 (D:\Projects\SecretaryBot\secretary-bot\target\classes started by QuocCuong in D:\Projects\SecretaryBot\secretary-bot)
2026-02-08T11:10:15.276+07:00 DEBUG 162464 --- [secretary-bot] [restartedMain] c.q.s.SecretaryBotApplication            : Running with Spring Boot v4.0.2, Spring v7.0.3
2026-02-08T11:10:15.276+07:00  INFO 162464 --- [secretary-bot] [restartedMain] c.q.s.SecretaryBotApplication            : No active profile set, falling back to 1 default profile: "default"
2026-02-08T11:10:15.300+07:00  INFO 162464 --- [secretary-bot] [restartedMain] o.s.b.devtools.restart.ChangeableUrls    : The Class-Path manifest attribute in C:\Users\QuocCuong\.m2\repository\io\github\cdimascio\java-dotenv\5.2.2\java-dotenv-5.2.2.jar referenced one or more files that do not exist: file:/C:/Users/QuocCuong/.m2/repository/io/github/cdimascio/java-dotenv/5.2.2/kotlin-stdlib-1.4.0.jar,file:/C:/Users/QuocCuong/.m2/repository/io/github/cdimascio/java-dotenv/5.2.2/kotlin-stdlib-common-1.4.0.jar,file:/C:/Users/QuocCuong/.m2/repository/io/github/cdimascio/java-dotenv/5.2.2/annotations-13.0.jar
2026-02-08T11:10:15.301+07:00  INFO 162464 --- [secretary-bot] [restartedMain] .e.DevToolsPropertyDefaultsPostProcessor : Devtools property defaults active! Set 'spring.devtools.add-properties' to 'false' to disable
2026-02-08T11:10:15.775+07:00  INFO 162464 --- [secretary-bot] [restartedMain] o.s.boot.tomcat.TomcatWebServer          : Tomcat initialized with port 8080 (http)
2026-02-08T11:10:15.782+07:00  INFO 162464 --- [secretary-bot] [restartedMain] o.apache.catalina.core.StandardService   : Starting service [Tomcat]
2026-02-08T11:10:15.783+07:00  INFO 162464 --- [secretary-bot] [restartedMain] o.apache.catalina.core.StandardEngine    : Starting Servlet engine: [Apache Tomcat/11.0.15]
2026-02-08T11:10:15.807+07:00  INFO 162464 --- [secretary-bot] [restartedMain] b.w.c.s.WebApplicationContextInitializer : Root WebApplicationContext: initialization completed in 506 ms
2026-02-08T11:10:15.815+07:00 DEBUG 162464 --- [secretary-bot] [restartedMain] o.s.b.w.s.ServletContextInitializerBeans : Mapping filters: characterEncodingFilter urls=[/*] order=-2147483648, formContentFilter urls=[/*] order=-9900, requestContextFilter urls=[/*] order=-105
2026-02-08T11:10:15.816+07:00 DEBUG 162464 --- [secretary-bot] [restartedMain] o.s.b.w.s.ServletContextInitializerBeans : Mapping servlets: dispatcherServlet urls=[/]
2026-02-08T11:10:23.034+07:00 DEBUG 162464 --- [secretary-bot] [restartedMain] s.w.s.m.m.a.RequestMappingHandlerMapping : 2 mappings in 'requestMappingHandlerMapping'
2026-02-08T11:10:23.046+07:00 DEBUG 162464 --- [secretary-bot] [restartedMain] o.s.w.s.handler.SimpleUrlHandlerMapping  : Patterns [/webjars/**, /**] in 'resourceHandlerMapping'
2026-02-08T11:10:23.056+07:00 DEBUG 162464 --- [secretary-bot] [restartedMain] s.w.s.m.m.a.RequestMappingHandlerAdapter : ControllerAdvice beans: 0 @ModelAttribute, 0 @InitBinder, 2 RequestBodyAdvice, 1 ResponseBodyAdvice
2026-02-08T11:10:23.082+07:00 DEBUG 162464 --- [secretary-bot] [restartedMain] .m.m.a.ExceptionHandlerExceptionResolver : ControllerAdvice beans: 0 @ExceptionHandler, 1 ResponseBodyAdvice
2026-02-08T11:10:24.213+07:00  INFO 162464 --- [secretary-bot] [restartedMain] o.t.telegrambots.longpolling.BotSession  : Result when calling deleteWebhook: true
2026-02-08T11:10:24.237+07:00  INFO 162464 --- [secretary-bot] [restartedMain] o.s.boot.tomcat.TomcatWebServer          : Tomcat started on port 8080 (http) with context path '/'
2026-02-08T11:10:24.240+07:00  INFO 162464 --- [secretary-bot] [restartedMain] c.q.s.SecretaryBotApplication            : Started SecretaryBotApplication in 9.219 seconds (process running for 9.694)
2026-02-08T11:10:26.558+07:00  INFO 162464 --- [secretary-bot] [File Watcher] rtingClassPathChangeChangedEventListener : Restarting due to 1 class path change (0 additions, 0 deletions, 1 modification)
2026-02-08T11:10:26.569+07:00  INFO 162464 --- [secretary-bot] [Thread-1] o.s.boot.tomcat.GracefulShutdown         : Commencing graceful shutdown. Waiting for active requests to complete
2026-02-08T11:10:26.593+07:00  INFO 162464 --- [secretary-bot] [tomcat-shutdown] o.s.boot.tomcat.GracefulShutdown         : Graceful shutdown complete
2026-02-08T11:10:26.640+07:00  INFO 162464 --- [secretary-bot] [restartedMain] c.q.s.SecretaryBotApplication            : Starting SecretaryBotApplication using Java 17.0.11 with PID 162464 (D:\Projects\SecretaryBot\secretary-bot\target\classes started by QuocCuong in D:\Projects\SecretaryBot\secretary-bot)
2026-02-08T11:10:26.640+07:00 DEBUG 162464 --- [secretary-bot] [restartedMain] c.q.s.SecretaryBotApplication            : Running with Spring Boot v4.0.2, Spring v7.0.3
2026-02-08T11:10:26.640+07:00  INFO 162464 --- [secretary-bot] [restartedMain] c.q.s.SecretaryBotApplication            : No active profile set, falling back to 1 default profile: "default"
2026-02-08T11:10:26.718+07:00  INFO 162464 --- [secretary-bot] [restartedMain] o.s.boot.tomcat.TomcatWebServer          : Tomcat initialized with port 8080 (http)
2026-02-08T11:10:26.718+07:00  INFO 162464 --- [secretary-bot] [restartedMain] o.apache.catalina.core.StandardService   : Starting service [Tomcat]
2026-02-08T11:10:26.718+07:00  INFO 162464 --- [secretary-bot] [restartedMain] o.apache.catalina.core.StandardEngine    : Starting Servlet engine: [Apache Tomcat/11.0.15]
2026-02-08T11:10:26.728+07:00  INFO 162464 --- [secretary-bot] [restartedMain] b.w.c.s.WebApplicationContextInitializer : Root WebApplicationContext: initialization completed in 86 ms
2026-02-08T11:10:26.731+07:00 DEBUG 162464 --- [secretary-bot] [restartedMain] o.s.b.w.s.ServletContextInitializerBeans : Mapping filters: characterEncodingFilter urls=[/*] order=-2147483648, formContentFilter urls=[/*] order=-9900, requestContextFilter urls=[/*] order=-105
2026-02-08T11:10:26.731+07:00 DEBUG 162464 --- [secretary-bot] [restartedMain] o.s.b.w.s.ServletContextInitializerBeans : Mapping servlets: dispatcherServlet urls=[/]
2026-02-08T11:10:26.752+07:00 DEBUG 162464 --- [secretary-bot] [restartedMain] s.w.s.m.m.a.RequestMappingHandlerMapping : 2 mappings in 'requestMappingHandlerMapping'
2026-02-08T11:10:26.755+07:00 DEBUG 162464 --- [secretary-bot] [restartedMain] o.s.w.s.handler.SimpleUrlHandlerMapping  : Patterns [/webjars/**, /**] in 'resourceHandlerMapping'
2026-02-08T11:10:26.756+07:00 DEBUG 162464 --- [secretary-bot] [restartedMain] s.w.s.m.m.a.RequestMappingHandlerAdapter : ControllerAdvice beans: 0 @ModelAttribute, 0 @InitBinder, 2 RequestBodyAdvice, 1 ResponseBodyAdvice
2026-02-08T11:10:26.758+07:00 DEBUG 162464 --- [secretary-bot] [restartedMain] .m.m.a.ExceptionHandlerExceptionResolver : ControllerAdvice beans: 0 @ExceptionHandler, 1 ResponseBodyAdvice
2026-02-08T11:10:27.612+07:00  INFO 162464 --- [secretary-bot] [restartedMain] o.t.telegrambots.longpolling.BotSession  : Result when calling deleteWebhook: true
2026-02-08T11:10:27.617+07:00  INFO 162464 --- [secretary-bot] [restartedMain] o.s.boot.tomcat.TomcatWebServer          : Tomcat started on port 8080 (http) with context path '/'
2026-02-08T11:10:27.618+07:00  INFO 162464 --- [secretary-bot] [restartedMain] c.q.s.SecretaryBotApplication            : Started SecretaryBotApplication in 0.993 seconds (process running for 13.071)
2026-02-08T11:10:27.619+07:00  INFO 162464 --- [secretary-bot] [restartedMain] .ConditionEvaluationDeltaLoggingListener : Condition evaluation unchanged
2026-02-08T11:10:28.738+07:00  INFO 162464 --- [secretary-bot] [pool-2-thread-1] c.q.secretarybot.service.BotService      : {"chat_id":"-1002235262481","text":"Cú pháp:\n\\- /mute @taylor\\_swift 5 \\- Cấm chat Taylor Swift trong 5 phút\n\\- /unmute @taylor\\_swift \\- Mở chat Taylor Swift","parse_mode":"MarkdownV2","method":"sendmessage"}
2026-02-08T11:10:29.782+07:00  INFO 162464 --- [secretary-bot] [pool-2-thread-1] c.q.secretarybot.service.BotService      : {"chat_id":"-1002235262481","text":"Cú pháp:\n\\- /mute @taylor\\_swift 5 \\- Cấm chat Taylor Swift trong 5 phút\n\\- /unmute @taylor\\_swift \\- Mở chat Taylor Swift","parse_mode":"MarkdownV2","method":"sendmessage"}
2026-02-08T11:10:34.317+07:00  INFO 162464 --- [secretary-bot] [SpringApplicationShutdownHook] o.s.boot.tomcat.GracefulShutdown         : Commencing graceful shutdown. Waiting for active requests to complete
2026-02-08T11:10:34.342+07:00  INFO 162464 --- [secretary-bot] [tomcat-shutdown] o.s.boot.tomcat.GracefulShutdown         : Graceful shutdown complete
